2025-06-01 16:44:14,613:WARNING:c:\ProgramData\anaconda3\Lib\site-packages\sklearn\linear_model\_sag.py:350: ConvergenceWarning: The max_iter was reached which means the coef_ did not converge
  warnings.warn(

2025-06-01 16:44:21,373:WARNING:c:\ProgramData\anaconda3\Lib\site-packages\sklearn\linear_model\_sag.py:350: ConvergenceWarning: The max_iter was reached which means the coef_ did not converge
  warnings.warn(

2025-06-01 16:44:27,473:WARNING:c:\ProgramData\anaconda3\Lib\site-packages\sklearn\linear_model\_sag.py:350: ConvergenceWarning: The max_iter was reached which means the coef_ did not converge
  warnings.warn(

2025-06-01 16:45:12,261:WARNING:c:\ProgramData\anaconda3\Lib\site-packages\sklearn\linear_model\_sag.py:350: ConvergenceWarning: The max_iter was reached which means the coef_ did not converge
  warnings.warn(

2025-06-01 16:54:57,246:WARNING:C:\Users\Irine\AppData\Local\Temp\ipykernel_26452\1783377652.py:11: UserWarning: Glyph 127942 (\N{TROPHY}) missing from current font.
  plt.tight_layout()

2025-06-01 16:54:58,086:WARNING:C:\Users\Irine\AppData\Roaming\Python\Python312\site-packages\IPython\core\pylabtools.py:170: UserWarning: Glyph 127942 (\N{TROPHY}) missing from current font.
  fig.canvas.print_figure(bytes_io, **kw)

2025-06-01 17:23:15,533:WARNING:c:\ProgramData\anaconda3\Lib\site-packages\sklearn\linear_model\_sag.py:350: ConvergenceWarning: The max_iter was reached which means the coef_ did not converge
  warnings.warn(

2025-06-01 17:23:22,490:WARNING:c:\ProgramData\anaconda3\Lib\site-packages\sklearn\linear_model\_sag.py:350: ConvergenceWarning: The max_iter was reached which means the coef_ did not converge
  warnings.warn(

2025-06-01 17:23:30,135:WARNING:c:\ProgramData\anaconda3\Lib\site-packages\sklearn\linear_model\_sag.py:350: ConvergenceWarning: The max_iter was reached which means the coef_ did not converge
  warnings.warn(

2025-06-01 17:24:20,775:WARNING:c:\ProgramData\anaconda3\Lib\site-packages\sklearn\linear_model\_sag.py:350: ConvergenceWarning: The max_iter was reached which means the coef_ did not converge
  warnings.warn(

2025-06-01 21:40:17,157:WARNING:c:\ProgramData\anaconda3\Lib\site-packages\sklearn\linear_model\_sag.py:350: ConvergenceWarning: The max_iter was reached which means the coef_ did not converge
  warnings.warn(

2025-06-02 12:08:30,590:WARNING:c:\ProgramData\anaconda3\Lib\site-packages\sklearn\linear_model\_logistic.py:469: ConvergenceWarning: lbfgs failed to converge (status=1):
STOP: TOTAL NO. of ITERATIONS REACHED LIMIT.

Increase the number of iterations (max_iter) or scale the data as shown in:
    https://scikit-learn.org/stable/modules/preprocessing.html
Please also refer to the documentation for alternative solver options:
    https://scikit-learn.org/stable/modules/linear_model.html#logistic-regression
  n_iter_i = _check_optimize_result(

2025-06-02 12:41:30,019:WARNING:c:\ProgramData\anaconda3\Lib\site-packages\sklearn\linear_model\_logistic.py:469: ConvergenceWarning: lbfgs failed to converge (status=1):
STOP: TOTAL NO. of ITERATIONS REACHED LIMIT.

Increase the number of iterations (max_iter) or scale the data as shown in:
    https://scikit-learn.org/stable/modules/preprocessing.html
Please also refer to the documentation for alternative solver options:
    https://scikit-learn.org/stable/modules/linear_model.html#logistic-regression
  n_iter_i = _check_optimize_result(

2025-06-02 12:59:40,889:WARNING:c:\ProgramData\anaconda3\Lib\site-packages\sklearn\linear_model\_sag.py:350: ConvergenceWarning: The max_iter was reached which means the coef_ did not converge
  warnings.warn(

2025-06-02 12:59:48,170:WARNING:c:\ProgramData\anaconda3\Lib\site-packages\sklearn\linear_model\_sag.py:350: ConvergenceWarning: The max_iter was reached which means the coef_ did not converge
  warnings.warn(

2025-06-02 13:16:55,730:WARNING:c:\ProgramData\anaconda3\Lib\site-packages\sklearn\linear_model\_sag.py:350: ConvergenceWarning: The max_iter was reached which means the coef_ did not converge
  warnings.warn(

2025-06-02 13:17:02,715:WARNING:c:\ProgramData\anaconda3\Lib\site-packages\sklearn\linear_model\_sag.py:350: ConvergenceWarning: The max_iter was reached which means the coef_ did not converge
  warnings.warn(

2025-06-02 13:50:53,587:WARNING:c:\ProgramData\anaconda3\Lib\site-packages\sklearn\linear_model\_logistic.py:469: ConvergenceWarning: lbfgs failed to converge (status=1):
STOP: TOTAL NO. of ITERATIONS REACHED LIMIT.

Increase the number of iterations (max_iter) or scale the data as shown in:
    https://scikit-learn.org/stable/modules/preprocessing.html
Please also refer to the documentation for alternative solver options:
    https://scikit-learn.org/stable/modules/linear_model.html#logistic-regression
  n_iter_i = _check_optimize_result(

2025-06-02 14:45:40,704:WARNING:c:\ProgramData\anaconda3\Lib\site-packages\sklearn\linear_model\_logistic.py:469: ConvergenceWarning: lbfgs failed to converge (status=1):
STOP: TOTAL NO. of ITERATIONS REACHED LIMIT.

Increase the number of iterations (max_iter) or scale the data as shown in:
    https://scikit-learn.org/stable/modules/preprocessing.html
Please also refer to the documentation for alternative solver options:
    https://scikit-learn.org/stable/modules/linear_model.html#logistic-regression
  n_iter_i = _check_optimize_result(

2025-06-02 15:07:51,170:WARNING:c:\ProgramData\anaconda3\Lib\site-packages\sklearn\linear_model\_logistic.py:469: ConvergenceWarning: lbfgs failed to converge (status=1):
STOP: TOTAL NO. of ITERATIONS REACHED LIMIT.

Increase the number of iterations (max_iter) or scale the data as shown in:
    https://scikit-learn.org/stable/modules/preprocessing.html
Please also refer to the documentation for alternative solver options:
    https://scikit-learn.org/stable/modules/linear_model.html#logistic-regression
  n_iter_i = _check_optimize_result(

2025-06-02 15:25:49,055:WARNING:c:\ProgramData\anaconda3\Lib\site-packages\sklearn\linear_model\_logistic.py:469: ConvergenceWarning: lbfgs failed to converge (status=1):
STOP: TOTAL NO. of ITERATIONS REACHED LIMIT.

Increase the number of iterations (max_iter) or scale the data as shown in:
    https://scikit-learn.org/stable/modules/preprocessing.html
Please also refer to the documentation for alternative solver options:
    https://scikit-learn.org/stable/modules/linear_model.html#logistic-regression
  n_iter_i = _check_optimize_result(

2025-06-02 16:16:08,372:WARNING:C:\Users\Irine\AppData\Local\Temp\ipykernel_26452\3536225635.py:8: FutureWarning: 

Passing `palette` without assigning `hue` is deprecated and will be removed in v0.14.0. Assign the `x` variable to `hue` and set `legend=False` for the same effect.

  ax = sns.boxplot(

2025-06-02 16:16:37,759:WARNING:C:\Users\Irine\AppData\Local\Temp\ipykernel_26452\1831743369.py:8: FutureWarning: 

Passing `palette` without assigning `hue` is deprecated and will be removed in v0.14.0. Assign the `x` variable to `hue` and set `legend=False` for the same effect.

  ax = sns.boxplot(

2025-06-02 16:16:44,164:WARNING:c:\ProgramData\anaconda3\Lib\site-packages\seaborn\utils.py:61: UserWarning: Glyph 141 (\x8d) missing from current font.
  fig.canvas.draw()

2025-06-02 16:16:44,322:WARNING:c:\ProgramData\anaconda3\Lib\site-packages\seaborn\utils.py:61: UserWarning: Glyph 141 (\x8d) missing from current font.
  fig.canvas.draw()

2025-06-02 16:16:44,824:WARNING:C:\Users\Irine\AppData\Roaming\Python\Python312\site-packages\IPython\core\pylabtools.py:170: UserWarning: Glyph 141 (\x8d) missing from current font.
  fig.canvas.print_figure(bytes_io, **kw)

2025-06-02 16:31:53,155:WARNING:c:\ProgramData\anaconda3\Lib\site-packages\sklearn\linear_model\_logistic.py:469: ConvergenceWarning: lbfgs failed to converge (status=1):
STOP: TOTAL NO. of ITERATIONS REACHED LIMIT.

Increase the number of iterations (max_iter) or scale the data as shown in:
    https://scikit-learn.org/stable/modules/preprocessing.html
Please also refer to the documentation for alternative solver options:
    https://scikit-learn.org/stable/modules/linear_model.html#logistic-regression
  n_iter_i = _check_optimize_result(

